<?xml version="1.0" encoding="UTF-8"?>
<!-- Generated by org.testng.reporters.JUnitReportReporter -->
<testsuite hostname="LAPTOP-9IPSPFPN" failures="0" tests="3" name="com.amelio.qa.testcases.LoginTest" time="42.604" errors="0" timestamp="2024-07-08T14:27:50 IST" skipped="0">
  <testcase classname="com.amelio.qa.testcases.LoginTest" name="verifyLoginWithValidCredentials" time="11.668"/>
  <testcase classname="com.amelio.qa.testcases.LoginTest" name="verifyLoginWithValidCredentials" time="20.078"/>
  <testcase classname="com.amelio.qa.testcases.LoginTest" name="verifyLoginWithValidCredentials" time="10.858"/>
</testsuite> <!-- com.amelio.qa.testcases.LoginTest -->
