<?xml version="1.0" encoding="UTF-8"?>
<!-- Generated by org.testng.reporters.JUnitReportReporter -->
<testsuite hostname="NTZ-CPU-074" failures="0" tests="3" name="com.amelio.qa.testcases.SearchTest" time="32.526" errors="0" timestamp="2024-07-24T16:07:46 IST" skipped="0">
  <testcase classname="com.amelio.qa.testcases.SearchTest" name="verifySearchWithValidProduct" time="13.480"/>
  <testcase classname="com.amelio.qa.testcases.SearchTest" name="verifySearchWithInvalidProduct" time="9.819"/>
  <testcase classname="com.amelio.qa.testcases.SearchTest" name="verifySearchWithNoProduct" time="9.227"/>
</testsuite> <!-- com.amelio.qa.testcases.SearchTest -->
