<?xml version="1.0" encoding="UTF-8"?>
<!-- Generated by org.testng.reporters.JUnitReportReporter -->
<testsuite hostname="LAPTOP-9IPSPFPN" failures="0" tests="1" name="com.amelio.qa.testcases.RegisterTest" time="12.684" errors="0" timestamp="2024-07-01T19:13:51 IST" skipped="0">
  <testcase classname="com.amelio.qa.testcases.RegisterTest" name="verifyRegisterWithoutAnyDetails" time="12.684"/>
</testsuite> <!-- com.amelio.qa.testcases.RegisterTest -->
