<?xml version="1.0" encoding="UTF-8"?>
<!-- Generated by org.testng.reporters.JUnitReportReporter -->
<testsuite hostname="LAPTOP-9IPSPFPN" failures="0" tests="1" name="com.amelio.qa.testcases.SearchTest" time="14.740" errors="0" timestamp="2024-07-01T22:53:13 IST" skipped="0">
  <testcase classname="com.amelio.qa.testcases.SearchTest" name="verifySearchWithNoProduct" time="14.740"/>
</testsuite> <!-- com.amelio.qa.testcases.SearchTest -->
