<?xml version="1.0" encoding="UTF-8"?>
<!-- Generated by org.testng.reporters.JUnitReportReporter -->
<testsuite hostname="NTZ-CPU-074" failures="0" tests="1" name="com.amelio.qa.testcases.RegisterTest" time="10.710" errors="0" timestamp="2024-07-24T18:27:40 IST" skipped="0">
  <testcase classname="com.amelio.qa.testcases.RegisterTest" name="verifyRegisterWithoutAnyDetails" time="10.710"/>
</testsuite> <!-- com.amelio.qa.testcases.RegisterTest -->
