<?xml version="1.0" encoding="UTF-8"?>
<!-- Generated by org.testng.reporters.JUnitReportReporter -->
<testsuite hostname="NTZ-CPU-074" failures="0" tests="6" name="com.amelio.qa.testcases.LoginTest" time="69.407" errors="0" timestamp="2024-07-24T16:07:46 IST" skipped="0">
  <testcase classname="com.amelio.qa.testcases.LoginTest" name="verifyLoginWithValidCredentials" time="12.053"/>
  <testcase classname="com.amelio.qa.testcases.LoginTest" name="verifyLoginWithValidCredentials" time="12.585"/>
  <testcase classname="com.amelio.qa.testcases.LoginTest" name="verifyLoginWithValidCredentials" time="10.942"/>
  <testcase classname="com.amelio.qa.testcases.LoginTest" name="LoginWithInvalidEmailAndValidPasswordCredential" time="11.654"/>
  <testcase classname="com.amelio.qa.testcases.LoginTest" name="LoginWithValidMailAndInvalidPassword" time="10.985"/>
  <testcase classname="com.amelio.qa.testcases.LoginTest" name="LoginWithEmptyUserNameAndPassword" time="11.188"/>
</testsuite> <!-- com.amelio.qa.testcases.LoginTest -->
